<?xml version="1.0" encoding="UTF-8"?>
<coverage generated="1773104655802" clover="3.2.0">
  <project timestamp="1773104655802" name="All files">
    <metrics statements="3" coveredstatements="3" conditionals="0" coveredconditionals="0" methods="2" coveredmethods="2" elements="5" coveredelements="5" complexity="0" loc="3" ncloc="3" packages="1" files="1" classes="1"/>
    <file name="ItemList.tsx" path="C:\Users\renat\OneDrive\Documentos\dev\bmtax-challenge\src\components\ItemList.tsx">
      <metrics statements="3" coveredstatements="3" conditionals="0" coveredconditionals="0" methods="2" coveredmethods="2"/>
      <line num="8" count="1" type="stmt"/>
      <line num="10" count="4" type="stmt"/>
      <line num="13" count="9" type="stmt"/>
    </file>
  </project>
</coverage>
