{"C:\\Users\\renat\\OneDrive\\Documentos\\dev\\bmtax-challenge\\src\\components\\ItemList.tsx": {"path":"C:\\Users\\renat\\OneDrive\\Documentos\\dev\\bmtax-challenge\\src\\components\\ItemList.tsx","statementMap":{"0":{"start":{"line":8,"column":42},"end":{"line":23,"column":null}},"1":{"start":{"line":10,"column":2},"end":{"line":21,"column":null}},"2":{"start":{"line":13,"column":8},"end":{"line":19,"column":null}}},"fnMap":{"0":{"name":"(anonymous_0)","decl":{"start":{"line":8,"column":42},"end":{"line":8,"column":43}},"loc":{"start":{"line":8,"column":57},"end":{"line":23,"column":null}},"line":8},"1":{"name":"(anonymous_1)","decl":{"start":{"line":12,"column":17},"end":{"line":12,"column":18}},"loc":{"start":{"line":13,"column":8},"end":{"line":19,"column":null}},"line":13}},"branchMap":{},"s":{"0":1,"1":4,"2":9},"f":{"0":4,"1":9},"b":{},"meta":{"lastBranch":0,"lastFunction":2,"lastStatement":3,"seen":{"s:8:42:23:Infinity":0,"f:8:42:8:43":0,"s:10:2:21:Infinity":1,"f:12:17:12:18":1,"s:13:8:19:Infinity":2}}}
}
